-----------------------------------------------------------------------------------------------------------------------------------------------------------------------------------------------------------
Started logging on Tue Aug 29 10:54:25 CEST 47606
Tue Aug 29 10:54:25 CEST 47606 [INFO] Cleared all lists...
Tue Aug 29 10:54:51 CEST 47606 [INFO] bl4ckb0t1 quit: "Client Quit".
Tue Aug 29 10:54:52 CEST 47606 [SEVERE] Disconnected from server!
Tue Aug 29 10:57:12 CEST 47606 [INFO] All versions added to changelog list.
Tue Aug 29 11:28:18 CEST 47606 [INFO] Added Geforce to allowed user list...
Tue Aug 29 11:28:19 CEST 47606 [INFO] Added JustRamon to allowed user list...
Tue Aug 29 11:50:24 CEST 47606 [INFO] Added Cadbury to ignored user list...
Tue Aug 29 11:50:25 CEST 47606 [INFO] Added Geffy to ignored user list...
Tue Aug 29 11:50:25 CEST 47606 [INFO] Added GlitchMaster_YT to ignored user list...
Tue Aug 29 11:50:25 CEST 47606 [INFO] Added Maunz to ignored user list...
Tue Aug 29 11:50:25 CEST 47606 [INFO] Added sonicbrandyn to ignored user list...
Tue Aug 29 12:12:34 CEST 47606 [INFO] Added akino_germany to valid user list...
Tue Aug 29 12:12:35 CEST 47606 [INFO] Added bl4ckscor3 to valid user list...
Tue Aug 29 12:12:35 CEST 47606 [INFO] Added Vauff to valid user list...
Tue Aug 29 12:12:35 CEST 47606 [INFO] Disabled bot in channel #whatever...
Tue Aug 29 12:12:35 CEST 47606 [INFO] Registered command classes for channel messages...
Tue Aug 29 12:12:36 CEST 47606 [INFO] Set up help menu...
Tue Aug 29 12:12:36 CEST 47606 [INFO] Registered command classes for private messages...
Tue Aug 29 12:12:36 CEST 47606 [INFO] Created bot config...
Tue Aug 29 12:12:36 CEST 47606 [INFO] Starting bot...
Tue Aug 29 12:16:43 CEST 47606 [NOTICE] anarchy.esper.net: *** Looking up your hostname...
Tue Aug 29 12:16:45 CEST 47606 [NOTICE] anarchy.esper.net: *** No Ident response
Tue Aug 29 12:16:46 CEST 47606 [NOTICE] anarchy.esper.net: *** Checking Ident
Tue Aug 29 12:16:47 CEST 47606 [NOTICE] anarchy.esper.net: *** Found your hostname
Tue Aug 29 12:50:07 CEST 47606 [INFO] Added #bl4ckb0tTest to channel list...
Tue Aug 29 12:50:07 CEST 47606 [INFO] Added #whateveragain to channel list...
Tue Aug 29 12:50:08 CEST 47606 [INFO] Joining channels...
Tue Aug 29 13:10:16 CEST 47606 [NOTICE] NickServ: bl4ckb0t1 is not a registered nickname.
Tue Aug 29 13:22:59 CEST 47606 [INFO] Joined #bl4ckb0tTest...
Tue Aug 29 13:39:41 CEST 47606 [INFO] Joined #whateveragain...
Tue Aug 29 13:39:41 CEST 47606 [INFO] Bot successfully connected!
